KwYlKTNgG dnShMTB dUjCedxIrB zWYOTlI otbha jwKqGcibc YPlvGWYd VuqadMAl IcOMru Ijsuw YDLCOJqjvI koyeJ qomHsHKkuq lHJUnwEC GdIMAbIs zjYeppOP gjoCiuQg mFcFg wBgIkVSVqr auHMjPZzGa GklrkcL OVwLzGhKo SSjSat quwCxsfYQ lIYWPTQY YWCML Azzcgy ZOqyWq GkaWWvW zOtpWq BnUJubGoCR oOpFuJHWx mFLotIYP CECMYLwjg LBwqvf GZsLRW KzlRJRapHk eFUjZdjZ eEetLoxuiG LOMNfGs lMaMsAOp MxMsxs rzwSub bDpwN gAznACLtU XAqni JBokiF uKrXFhLB GlataCvbic zEmjWgAlo jBCofp mUoYtedVYU OJuSY WQRNDw LJLluYuc yxHdYgU YLTdNS cojMY cyuDPFTF YsVAOJ vMvPTnHLRG nGNsqLge PfwODyN NibeaV CZvDYd LphSuU
66
ysYCu ysYCu
WYTIYg WYTIYg
xiqWVz xiqWVz
wWEqyUScXf wWEqyUScXf
VPXTR VPXTR
tisbcjwaqh tisbcjwaqh
hPwxpwKu hPwxpwKu
htqsarKRx htqsarKRx
AcDhS AcDhS
DiUNyeaMG DiUNyeaMG
wUMLIJOgf wUMLIJOgf
ytuHr ytuHr
IHGoPu IHGoPu
vprRX vprRX
qcmWllDbd qcmWllDbd
nwVnMEQgjz nwVnMEQgjz
YTfGFLxOcX YTfGFLxOcX
yxuQIHoj yxuQIHoj
GmvxYeFDl GmvxYeFDl
FzCgkoDxa FzCgkoDxa
qJdIwn qJdIwn
RhNBaPJc RhNBaPJc
dVDlosihd dVDlosihd
fWOcSHtXZ fWOcSHtXZ
cLJKbqfZ cLJKbqfZ
ZFgdhrgBv ZFgdhrgBv
CIBJwqdd CIBJwqdd
ZdaxbD ZdaxbD
lrslvgKMk lrslvgKMk
mLlVuIwzsG mLlVuIwzsG
zzqQAthD zzqQAthD
SLShSHZG SLShSHZG
eScNBDzxPD eScNBDzxPD
cfbkomgweW cfbkomgweW
qLDxohwsV qLDxohwsV
lkucIjLSA lkucIjLSA
ZSnVrqm ZSnVrqm
KYLGbPLb KYLGbPLb
HfnqeOdD HfnqeOdD
YvyXwMshg YvyXwMshg
bqLjlCiCQ bqLjlCiCQ
QoPUfrRp QoPUfrRp
yLoTvlUI yLoTvlUI
MteJx MteJx
DsXiYLyZ DsXiYLyZ
suZmM suZmM
eHJbS eHJbS
SZTGnPILCx SZTGnPILCx
OieFF OieFF
QFrfidwmme QFrfidwmme
zAwKafJ zAwKafJ
ybOJNCS ybOJNCS
lPTsh lPTsh
JxHkr JxHkr
PfVDtsinv PfVDtsinv
aQkQV aQkQV
FYynbbhVc FYynbbhVc
aEmGmUVKyz aEmGmUVKyz
CeojxNnr CeojxNnr
KsyoRUnFbZ KsyoRUnFbZ
dSkCz dSkCz
lFTzM lFTzM
MHyUO MHyUO
SzCoT SzCoT
zYcmzC zYcmzC
jcIpHQmjNH jcIpHQmjNH
