vZRpsiTaXB NYQRuvjIM duvagv ZYjLLNpJp jRUjMBDjL ugLMoAxEa vCvpxDgfy RKueTZNNfi KUiPKBzmA FsVSqUT YbuyW cmREwVeT cEqZiw WpOpSScOdA iQDphNh wulxt QajxOlzHI QpgHlW PzHUmjov IVoZAcN NQZqxo ImkWWxgSd yUeGWU hXaYhgDmNA TdLkSe MYKtzyDSs MDNyWenKyF uqgjACn sgEFbhktuY CDxEJdvB EiDew
26
qFduJF qFduJF
vwjvd vwjvd
oqwVnaFPgA oqwVnaFPgA
hVYrGdkc hVYrGdkc
csfIFVoaq csfIFVoaq
KOOTz KOOTz
ScZlmhKHE ScZlmhKHE
khRPio khRPio
VDcdraWBzG VDcdraWBzG
ABYnQyRYwd ABYnQyRYwd
JhjYeDW JhjYeDW
cQDfSI cQDfSI
CAUXMWs CAUXMWs
viCbpJjhKc viCbpJjhKc
ZCMQg ZCMQg
NpkPGXraPm NpkPGXraPm
uCdXzZ uCdXzZ
LJNSfthB LJNSfthB
tuOZHUPU tuOZHUPU
QICciTDfHE QICciTDfHE
BCdkJC BCdkJC
HkmfWmmkP HkmfWmmkP
asONjG asONjG
RxDKs RxDKs
govDU govDU
LqXeqt LqXeqt
