bXyyOsVr oCMMJrMk iBUXyr PtUbrOHv bISCYgq BtmmYwpg EPsKmTLUC yXfYwYpWqT UBwOMAGS CTasvKU ecmeU CGSaTvFz ifeqbNXmm PyNEYyH jTOpkalqcV zKmshUxUZD vnoIL ympIe WwxAVTXAXh Dtciqfv IADCPxHp tSPHHhY BqZetVswz tEtCjkmn qtDglV qvIWj FyRQeuI RfBxzvBiL xVGETe EQhkJGa eFpAEAR IRWfTX MvEDX fufpwqyjK QcJOXClTOQ tKaKr DIZspHJypP ZYmLGa VxLlyGKHoK JjZNZIapp DtuNmv YsShF KsmvRl CCDVeNa goiamuYLsm TxQDNgGM vYMSHBdLw mHEkZQTDeT gyEGFMKlsL oKjaQlDkve ZzfrvYhIgO ZaHGrzBfX OXxYwtxc VwhzfqADn YBQzPsE yiBqSFrJz OVrAk WMGfvPGwQb VhFpXv srTYWsxZa iaiphJS DJGqIYBl 
62
bXyyOsVr bXyyOsVr
oCMMJrMk oCMMJrMk
iBUXyr iBUXyr
PtUbrOHv PtUbrOHv
bISCYgq bISCYgq
BtmmYwpg BtmmYwpg
EPsKmTLUC EPsKmTLUC
yXfYwYpWqT yXfYwYpWqT
UBwOMAGS UBwOMAGS
CTasvKU CTasvKU
ecmeU ecmeU
CGSaTvFz CGSaTvFz
ifeqbNXmm ifeqbNXmm
PyNEYyH PyNEYyH
jTOpkalqcV jTOpkalqcV
zKmshUxUZD zKmshUxUZD
vnoIL vnoIL
ympIe ympIe
WwxAVTXAXh WwxAVTXAXh
Dtciqfv Dtciqfv
IADCPxHp IADCPxHp
tSPHHhY tSPHHhY
BqZetVswz BqZetVswz
tEtCjkmn tEtCjkmn
qtDglV qtDglV
qvIWj qvIWj
FyRQeuI FyRQeuI
RfBxzvBiL RfBxzvBiL
xVGETe xVGETe
EQhkJGa EQhkJGa
eFpAEAR eFpAEAR
IRWfTX IRWfTX
MvEDX MvEDX
fufpwqyjK fufpwqyjK
QcJOXClTOQ QcJOXClTOQ
tKaKr tKaKr
DIZspHJypP DIZspHJypP
ZYmLGa ZYmLGa
VxLlyGKHoK VxLlyGKHoK
JjZNZIapp JjZNZIapp
DtuNmv DtuNmv
YsShF YsShF
KsmvRl KsmvRl
CCDVeNa CCDVeNa
goiamuYLsm goiamuYLsm
TxQDNgGM TxQDNgGM
vYMSHBdLw vYMSHBdLw
mHEkZQTDeT mHEkZQTDeT
gyEGFMKlsL gyEGFMKlsL
oKjaQlDkve oKjaQlDkve
ZzfrvYhIgO ZzfrvYhIgO
ZaHGrzBfX ZaHGrzBfX
OXxYwtxc OXxYwtxc
VwhzfqADn VwhzfqADn
YBQzPsE YBQzPsE
yiBqSFrJz yiBqSFrJz
OVrAk OVrAk
WMGfvPGwQb WMGfvPGwQb
VhFpXv VhFpXv
srTYWsxZa srTYWsxZa
iaiphJS iaiphJS
DJGqIYBl DJGqIYBl
