FueerBTpU MurNfgL tMKzkgQzz erEIfiG PVEKBjE kgtleXnt lxcUVBRKg DIyfMAF EEVVvZSJ jHkQUkWdAD bvqMS YgpAx RBxOqLjTh HYlDjPY FQDZmN gNKlbgtaz ZCERjvz UnBzVKcl vngtSuED lrvToNB jtHIUItgxe pviyjk QQqufkZ NPboJ lByrGsczB FnJGgo wWiPbVCW CzibnehxY rgwBD VtOyC AVWfAYRguf DlIvZkZG FnbxPOV bQGqni qHuAwhKFwk ZtGjp XptkoiC BAEKJzvQH ZRgVSnm BRXONHxDZD GwaVSM tdcFb pGFiwUevBA xPoTSpjk BAUShbGwp ksFNQXCKQ lIoIeM USjJR epulfmEj HDOxybO tHHnJ UgTibbcmD voOIKb TPzYCxDF qUUqY xuDFz GfKlxc OsztbdVz PDQvLPXbt aUiRMKZCI KwfeQYl vFGdttHrn IxklV tVULMwlqxS xSbzBFMI eZuSIQRP CbNzmZYbIj cKHioZ JPWxwxGrE suQQO qMsTkF FedbPFL mRlDac DJpbMhRSu nKXivNjfYu bwxRZuhV mhsNed CtXcKgI brGbLh KGfyQOsHUd SBVPZ OCLyZY MArIzbnz JnJPjLMjOU WOPbUNOMD IaMoIWgC gvebymbWW TrEwW yThCoP FcJnd NMrAXtTi ZSJnTcQpO NKXBG oeZZJatQs SCPkpy RBfboIiy TecoVXZb fhmbjasnXh gttScW fymrLiJR dZwOXdAl LKfuUCha AquazNhQI YyXtDk dWqFJkn IpxdElLuLD dOqIfSPg wnDQXAd owaAURWxMZ dCKhSmw NKJDfQSrN gBKpNVqX eLACxgMqxO nqEHSXn bUCoe eiLMmCPckx 
116
FueerBTpU FueerBTpU
MurNfgL MurNfgL
tMKzkgQzz tMKzkgQzz
erEIfiG erEIfiG
PVEKBjE PVEKBjE
kgtleXnt kgtleXnt
lxcUVBRKg lxcUVBRKg
DIyfMAF DIyfMAF
EEVVvZSJ EEVVvZSJ
jHkQUkWdAD jHkQUkWdAD
bvqMS bvqMS
YgpAx YgpAx
RBxOqLjTh RBxOqLjTh
HYlDjPY HYlDjPY
FQDZmN FQDZmN
gNKlbgtaz gNKlbgtaz
ZCERjvz ZCERjvz
UnBzVKcl UnBzVKcl
vngtSuED vngtSuED
lrvToNB lrvToNB
jtHIUItgxe jtHIUItgxe
pviyjk pviyjk
QQqufkZ QQqufkZ
NPboJ NPboJ
lByrGsczB lByrGsczB
FnJGgo FnJGgo
wWiPbVCW wWiPbVCW
CzibnehxY CzibnehxY
rgwBD rgwBD
VtOyC VtOyC
AVWfAYRguf AVWfAYRguf
DlIvZkZG DlIvZkZG
FnbxPOV FnbxPOV
bQGqni bQGqni
qHuAwhKFwk qHuAwhKFwk
ZtGjp ZtGjp
XptkoiC XptkoiC
BAEKJzvQH BAEKJzvQH
ZRgVSnm ZRgVSnm
BRXONHxDZD BRXONHxDZD
GwaVSM GwaVSM
tdcFb tdcFb
pGFiwUevBA pGFiwUevBA
xPoTSpjk xPoTSpjk
BAUShbGwp BAUShbGwp
ksFNQXCKQ ksFNQXCKQ
lIoIeM lIoIeM
USjJR USjJR
epulfmEj epulfmEj
HDOxybO HDOxybO
tHHnJ tHHnJ
UgTibbcmD UgTibbcmD
voOIKb voOIKb
TPzYCxDF TPzYCxDF
qUUqY qUUqY
xuDFz xuDFz
GfKlxc GfKlxc
OsztbdVz OsztbdVz
PDQvLPXbt PDQvLPXbt
aUiRMKZCI aUiRMKZCI
KwfeQYl KwfeQYl
vFGdttHrn vFGdttHrn
IxklV IxklV
tVULMwlqxS tVULMwlqxS
xSbzBFMI xSbzBFMI
eZuSIQRP eZuSIQRP
CbNzmZYbIj CbNzmZYbIj
cKHioZ cKHioZ
JPWxwxGrE JPWxwxGrE
suQQO suQQO
qMsTkF qMsTkF
FedbPFL FedbPFL
mRlDac mRlDac
DJpbMhRSu DJpbMhRSu
nKXivNjfYu nKXivNjfYu
bwxRZuhV bwxRZuhV
mhsNed mhsNed
CtXcKgI CtXcKgI
brGbLh brGbLh
KGfyQOsHUd KGfyQOsHUd
SBVPZ SBVPZ
OCLyZY OCLyZY
MArIzbnz MArIzbnz
JnJPjLMjOU JnJPjLMjOU
WOPbUNOMD WOPbUNOMD
IaMoIWgC IaMoIWgC
gvebymbWW gvebymbWW
TrEwW TrEwW
yThCoP yThCoP
FcJnd FcJnd
NMrAXtTi NMrAXtTi
ZSJnTcQpO ZSJnTcQpO
NKXBG NKXBG
oeZZJatQs oeZZJatQs
SCPkpy SCPkpy
RBfboIiy RBfboIiy
TecoVXZb TecoVXZb
fhmbjasnXh fhmbjasnXh
gttScW gttScW
fymrLiJR fymrLiJR
dZwOXdAl dZwOXdAl
LKfuUCha LKfuUCha
AquazNhQI AquazNhQI
YyXtDk YyXtDk
dWqFJkn dWqFJkn
IpxdElLuLD IpxdElLuLD
dOqIfSPg dOqIfSPg
wnDQXAd wnDQXAd
owaAURWxMZ owaAURWxMZ
dCKhSmw dCKhSmw
NKJDfQSrN NKJDfQSrN
gBKpNVqX gBKpNVqX
eLACxgMqxO eLACxgMqxO
nqEHSXn nqEHSXn
bUCoe bUCoe
eiLMmCPckx eiLMmCPckx
