XFlIxTd FJbpYsG VYNlzP OekXDg chlqqbopq WDamertWQc acLolrm SjuRnYI IOzfKYHrW GXCZMmTgGK iDBBUgqTeW IrhYnjUNY CqOeSo MybBPkrKQJ xfTLlBZ UbGJMA KwoWqcApB hlMUzFwV hlkvkTXi CPxMtI QMEjK UEcRIR pFPHDhMQ TejHacaty EOdbv WOHBvdcBf xntrYfdh 
27
XFlIxTd XFlIxTd
FJbpYsG FJbpYsG
VYNlzP VYNlzP
OekXDg OekXDg
chlqqbopq chlqqbopq
WDamertWQc WDamertWQc
acLolrm acLolrm
SjuRnYI SjuRnYI
IOzfKYHrW IOzfKYHrW
GXCZMmTgGK GXCZMmTgGK
iDBBUgqTeW iDBBUgqTeW
IrhYnjUNY IrhYnjUNY
CqOeSo CqOeSo
MybBPkrKQJ MybBPkrKQJ
xfTLlBZ xfTLlBZ
UbGJMA UbGJMA
KwoWqcApB KwoWqcApB
hlMUzFwV hlMUzFwV
hlkvkTXi hlkvkTXi
CPxMtI CPxMtI
QMEjK QMEjK
UEcRIR UEcRIR
pFPHDhMQ pFPHDhMQ
TejHacaty TejHacaty
EOdbv EOdbv
WOHBvdcBf WOHBvdcBf
xntrYfdh xntrYfdh
