Dnlcq LlRLkYM DtBtuaXBV OKhHv DtBtuaXBV LlRLkYM DNGzAqFJty RzWPuJnU GdvIkUS gTPDj sWsnczXR HQiFDZtdbP OVWtZ FbAivj zCbrcTuy HyxzGFf qjujDHB gpsAFnhRh xPdlp qFJyhUYgkp QzluCadBI xjkUm GxvcNoxf wuvzP WlOlkvojH tyvAiiaCW VxAGA OeRzgecPF YMFtU NkqGUDdrmY GgsHTPs LtHsBGaR zZTQWmy VzWzyvKaO yCqzchV nKaLgdHGHd OjtiaXvX sHzGDrUBXe cPYPr sHzGDrUBXe WdppcM TfVHcCgyr oPKJxS DyRrmqFB JHqvEImKv UJyKdHw uhJIpJYz pTSzlKb uhJIpJYz xGNrl BXsAb UexYOstvC BXsAb xGNrl EfOxOInh xGNrl DnEBL taGGLacYD GFciATE KVNYKGVzK rgLXStY cahmS mjCZLKnm rnIoaeA mjCZLKnm gEQBBV YKBlVTC tnmTibA lYnjh sHzGDrUBXe WdppcM NSPzAQ PjTKJrXdZ OXJXHD edPJafRY dNYApw ZnxzPamjsb mGVYlIiA LHvDe mGVYlIiA umeKF svIWhTm VNhrV fSXihy EDvOIwaWU SwFhiGWQdH pjFDNLBOl iVcFffu bRmLa iVcFffu nOFYQc NUoqu GdvIkUS VzWzyvKaO zZTQWmy vCxAIvxX zZTQWmy LtHsBGaR SvzCDoj UwvtyZmgo rnIoaeA yFnDONmau biKRpUbDW uLwcdRiCSu xKBGQPtrC nickl UJyKdHw RPtssOMS akzZGE GFciATE taGGLacYD pjiQG PjTKJrXdZ ZIQXfTwh qjujDHB CoGncA rBOfIE TfVHcCgyr kqBZeS xGNrl uhJIpJYz TeMKqpFlSG muOGQp pTSzlKb edPJafRY mmjbhkjnMb PjTKJrXdZ NSPzAQ dWkna NSPzAQ PjTKJrXdZ DyRrmqFB JHqvEImKv WlOlkvojH MMygdSO WlOlkvojH tyvAiiaCW CoGncA Dnlcq 
56
Dnlcq Dnlcq
edPJafRY edPJafRY
uLwcdRiCSu uLwcdRiCSu
tnmTibA tnmTibA
UexYOstvC UexYOstvC
YKBlVTC YKBlVTC
LlRLkYM LlRLkYM
svIWhTm svIWhTm
OXJXHD OXJXHD
EfOxOInh EfOxOInh
lYnjh lYnjh
gTPDj gTPDj
mmjbhkjnMb mmjbhkjnMb
JHqvEImKv JHqvEImKv
xKBGQPtrC xKBGQPtrC
cPYPr cPYPr
DtBtuaXBV DtBtuaXBV
LHvDe LHvDe
bRmLa bRmLa
WlOlkvojH WlOlkvojH
oPKJxS oPKJxS
OeRzgecPF OeRzgecPF
umeKF umeKF
pTSzlKb pTSzlKb
akzZGE akzZGE
OKhHv OKhHv
nKaLgdHGHd nKaLgdHGHd
WdppcM WdppcM
xGNrl xGNrl
GgsHTPs GgsHTPs
HyxzGFf HyxzGFf
TfVHcCgyr TfVHcCgyr
UwvtyZmgo UwvtyZmgo
DyRrmqFB DyRrmqFB
ZnxzPamjsb ZnxzPamjsb
YMFtU YMFtU
nOFYQc nOFYQc
wuvzP wuvzP
sWsnczXR sWsnczXR
NkqGUDdrmY NkqGUDdrmY
xjkUm xjkUm
taGGLacYD taGGLacYD
rgLXStY rgLXStY
gEQBBV gEQBBV
QzluCadBI QzluCadBI
pjiQG pjiQG
gpsAFnhRh gpsAFnhRh
fSXihy fSXihy
OVWtZ OVWtZ
KVNYKGVzK KVNYKGVzK
EDvOIwaWU EDvOIwaWU
yCqzchV yCqzchV
qjujDHB qjujDHB
mjCZLKnm mjCZLKnm
VNhrV VNhrV
FbAivj FbAivj
