EKwJWzWGxr hpqQuUjy NSgnwL zKvgHmaVu bhZDUljja FNKFBg RlJgNqvCwO ivFsmmxJZF eplDc DrksYITaM PlILSeubau hbLjgdKo tnYiq CNufy BbdEbOxa PTVovN PmBegh MPANLYit QCEttO MyAZzNJoe wXoeNLIQ OCkIvH FkqyCwK krYXY bhZDUljja zKvgHmaVu FnSNYmqdH hzFCl rsxDnyw mkmOEiDqe rsxDnyw pOsXSFbBH CfmGCZow YPsOGTlfLn vTjsHjkBw FDOvwvHNV qUjNA wVgXk FQXnn ruRjngB tRfGBSKxxV IfpnWPtdDO RFWepSs nbPYIPuvX RFWepSs IsOWULIsk ZUOGR OeNWZcYbA uPDQU RkuKaDr lfcRcZ SxEvKhh SHIScRJo zWaAVhrAo HJzid vnssbgIF aQkJrlUMCx vnssbgIF sDmORpoNGy VFqQKL nxiwmF qiOncKEg nxiwmF fqZrmXRWle YoOLRyjr fqZrmXRWle PlILSeubau xomjxqOuy EEABEeNZ eEJCmQnl ZkvxU AWzHMFFY NUSopRRLFr MNKSajMb EGgiY gRkVdQK WgCmOjevK kRNnkoeTZc SQWplRKh kRNnkoeTZc GYdMf vVzFZSGxAN COGhsJi FXTKDcG COGhsJi HVSWWfWK ogmyAs IgQZHM bfrHazRMX eaBDNOJxND GEZwFi BdjuxfX Ixefh BdjuxfX yhvrdkgWaz oEaQJDprZr tzsnUDm GlWWsqzaa tzsnUDm dnXISAXr PCzmLID FIUdbwrtlz XKPysnEbK FIUdbwrtlz QJECPYM RlJgNqvCwO daFhCCN kuUzW daFhCCN hNNwi twhZLPb aESBa cUdTRJo JxTiqHCl OiRlRnv ZSRLpK aNHtQ WpLyAy PXesrJLHF xBkRKycLwD iuhtFE myovZUVfmN KQfDR EOSMsMg sMXIhXbB UaibcGSAZk NSgnwL kXdePgTvfE ACGFMpg fvNxT uLYVJgNy qULTUlRgPw freluwU nbarEyr zKvgHmaVu inVdz DPYWL HXqyKTyH JmoJl bfnCEuCwTH HKnAYtYhN gGlgeTpF pIFoK TcALJBFeY iqtCMkFT tzTwfsENW teXHwlHWe AESkTmqBk EKwJWzWGxr XwXuLkUeJ vhHasgq jWICkh tNulYjbe jWICkh ORtELcjV SYtzxeD IxDNlbN JoUSZzsOHR NUgwFt DjwZOmnAlL OUoYzRuHt EtMJAiRGLj rymDL MMKpnXnOl VqAzpHRUG GLVHBB mqjGbyZCNa jxMEGzN zKpZCr BavIjyXWQh bhZDUljja FNKFBg fvsMtTn FNKFBg cUdTRJo gxaSfXOaO EGgiY gRkVdQK lTitaPHn gRkVdQK OjgXAMb QVKBL PBcGdn lzkCwON KpSizTq NyOuMtcCu ogmyAs HVSWWfWK VudhMLkYwU LgnUvh FuEAbT LgnUvh Scufbk LgnUvh qRmVGBSd TkMwCiz fJCPub najeayAgp nlzexV FsAWlahh oShpPicg uLbXaEvDuS BwsGjjLydM sMXIhXbB QfYAga MfrkQXf ezjbTp vIIUVqWYFE sUFSNLTrjz FDOvwvHNV AsdmTRyjk OXGXvwtLnh JfxPKPI bmErj QmxtYIK FMUevH PLESy NUSopRRLFr aESBa KqJyto yhvrdkgWaz IFcmL hbLjgdKo KRsOfJyf wVgXk mhuAp dnXISAXr hvCGlPj vhHasgq VOKrpKJtT wVyEvVcoS pIFoK ORtELcjV kmojuomL rymDL yQtFmYc ojkwjKAER UJufhNw ACGFMpg kXdePgTvfE rcMiOcDBR HKnAYtYhN bfnCEuCwTH bBYqC nxiwmF VFqQKL fvOJLK tRfGBSKxxV ruRjngB DpWRi SYtzxeD NSgnwL hpqQuUjy EKwJWzWGxr 
111
EKwJWzWGxr EKwJWzWGxr
GLVHBB GLVHBB
xomjxqOuy xomjxqOuy
ivFsmmxJZF ivFsmmxJZF
bBYqC bBYqC
yhvrdkgWaz yhvrdkgWaz
uLYVJgNy uLYVJgNy
OjgXAMb OjgXAMb
ogmyAs ogmyAs
UJufhNw UJufhNw
freluwU freluwU
FsAWlahh FsAWlahh
HVSWWfWK HVSWWfWK
FQXnn FQXnn
KqJyto KqJyto
bhZDUljja bhZDUljja
GYdMf GYdMf
EEABEeNZ EEABEeNZ
fvOJLK fvOJLK
HKnAYtYhN HKnAYtYhN
myovZUVfmN myovZUVfmN
aQkJrlUMCx aQkJrlUMCx
FNKFBg FNKFBg
zWaAVhrAo zWaAVhrAo
FnSNYmqdH FnSNYmqdH
inVdz inVdz
EGgiY EGgiY
COGhsJi COGhsJi
nbarEyr nbarEyr
tNulYjbe tNulYjbe
vnssbgIF vnssbgIF
pIFoK pIFoK
FIUdbwrtlz FIUdbwrtlz
ezjbTp ezjbTp
rsxDnyw rsxDnyw
PlILSeubau PlILSeubau
KRsOfJyf KRsOfJyf
tnYiq tnYiq
eplDc eplDc
lzkCwON lzkCwON
WpLyAy WpLyAy
Ixefh Ixefh
mqjGbyZCNa mqjGbyZCNa
WgCmOjevK WgCmOjevK
nxiwmF nxiwmF
MPANLYit MPANLYit
vIIUVqWYFE vIIUVqWYFE
dnXISAXr dnXISAXr
kXdePgTvfE kXdePgTvfE
ACGFMpg ACGFMpg
QVKBL QVKBL
OiRlRnv OiRlRnv
BdjuxfX BdjuxfX
JxTiqHCl JxTiqHCl
DPYWL DPYWL
fJCPub fJCPub
AsdmTRyjk AsdmTRyjk
MfrkQXf MfrkQXf
wVgXk wVgXk
uLbXaEvDuS uLbXaEvDuS
ZUOGR ZUOGR
MyAZzNJoe MyAZzNJoe
fvsMtTn fvsMtTn
aESBa aESBa
CfmGCZow CfmGCZow
qULTUlRgPw qULTUlRgPw
BwsGjjLydM BwsGjjLydM
hNNwi hNNwi
PmBegh PmBegh
NyOuMtcCu NyOuMtcCu
wXoeNLIQ wXoeNLIQ
PTVovN PTVovN
SYtzxeD SYtzxeD
mhuAp mhuAp
BbdEbOxa BbdEbOxa
fvNxT fvNxT
FDOvwvHNV FDOvwvHNV
OCkIvH OCkIvH
kmojuomL kmojuomL
ojkwjKAER ojkwjKAER
CNufy CNufy
TcALJBFeY TcALJBFeY
eaBDNOJxND eaBDNOJxND
GEZwFi GEZwFi
xBkRKycLwD xBkRKycLwD
hvCGlPj hvCGlPj
ZSRLpK ZSRLpK
iqtCMkFT iqtCMkFT
SQWplRKh SQWplRKh
HJzid HJzid
OXGXvwtLnh OXGXvwtLnh
JoUSZzsOHR JoUSZzsOHR
JfxPKPI JfxPKPI
IsOWULIsk IsOWULIsk
MMKpnXnOl MMKpnXnOl
vVzFZSGxAN vVzFZSGxAN
gxaSfXOaO gxaSfXOaO
QJECPYM QJECPYM
sMXIhXbB sMXIhXbB
HXqyKTyH HXqyKTyH
uPDQU uPDQU
nlzexV nlzexV
pOsXSFbBH pOsXSFbBH
QmxtYIK QmxtYIK
rcMiOcDBR rcMiOcDBR
VOKrpKJtT VOKrpKJtT
tzsnUDm tzsnUDm
vTjsHjkBw vTjsHjkBw
KQfDR KQfDR
RFWepSs RFWepSs
EOSMsMg EOSMsMg
