KSRqPg vOxYQumFn vKAjb AlXGARSaE fiIbrc ddXAw WZvOMueu UepdT avjoX YBjwsiIAA lqxXTHafC BHtUgq hukaRwn fRMPhoIo vppZhD tkwZJ dpOvi WqSGn ccsWsoe LuFafTOIn ygVQpe VfKCgv ygVQpe fCVOy BnKUKj OyoXC uCtWUuhFAk EkPCGesZ uCtWUuhFAk EmKFKlgwl gtlMrA GoTCvvDml iwtGpSTiiY LtLgXDJmnu zJzXv MHOxk eAWtgK vHtAk APOIRQMen ZEdSGo YIhlMBUzO ZEdSGo APOIRQMen vJUXYIaI fmhQw vJUXYIaI mUzhOx RfbPYwrPn vOxYQumFn KrQmmVmYBk Twhum KrQmmVmYBk iralkbSJIc KrQmmVmYBk WqSGn gPcTUMxaq erIlo gPcTUMxaq JIvNvkao gtlMrA tZuWIG LuFafTOIn ccsWsoe KSRqPg 
30
uCtWUuhFAk uCtWUuhFAk
vOxYQumFn vOxYQumFn
MHOxk MHOxk
zJzXv zJzXv
EmKFKlgwl EmKFKlgwl
ygVQpe ygVQpe
hukaRwn hukaRwn
UepdT UepdT
fRMPhoIo fRMPhoIo
vHtAk vHtAk
YBjwsiIAA YBjwsiIAA
vKAjb vKAjb
OyoXC OyoXC
AlXGARSaE AlXGARSaE
mUzhOx mUzhOx
Twhum Twhum
APOIRQMen APOIRQMen
BnKUKj BnKUKj
fiIbrc fiIbrc
iralkbSJIc iralkbSJIc
ZEdSGo ZEdSGo
LtLgXDJmnu LtLgXDJmnu
gtlMrA gtlMrA
fCVOy fCVOy
fmhQw fmhQw
vJUXYIaI vJUXYIaI
YIhlMBUzO YIhlMBUzO
KrQmmVmYBk KrQmmVmYBk
WZvOMueu WZvOMueu
LuFafTOIn LuFafTOIn
